{
  "RSpec": {
    "coverage": {
      "/mnt/c/rubyapps/senateattendancetracker/app/helpers/application_helper.rb": {
        "lines": [
          null,
          null,
          null,
          1,
          null
        ]
      },
      "/mnt/c/rubyapps/senateattendancetracker/app/helpers/attendance_records_helper.rb": {
        "lines": [
          null,
          null,
          null,
          1,
          null
        ]
      },
      "/mnt/c/rubyapps/senateattendancetracker/app/helpers/committees_helper.rb": {
        "lines": [
          null,
          null,
          1,
          null,
          null,
          1,
          9,
          null,
          2,
          null,
          null,
          null,
          1,
          5,
          null,
          2,
          null,
          null,
          null,
          1,
          4,
          null,
          2,
          null,
          null
        ]
      },
      "/mnt/c/rubyapps/senateattendancetracker/app/helpers/meetings_helper.rb": {
        "lines": [
          null,
          null,
          1,
          null
        ]
      },
      "/mnt/c/rubyapps/senateattendancetracker/app/helpers/sessions_helper.rb": {
        "lines": [
          null,
          null,
          null,
          1,
          null
        ]
      },
      "/mnt/c/rubyapps/senateattendancetracker/app/models/committee.rb": {
        "lines": [
          null,
          null,
          null,
          1,
          1,
          1,
          1,
          1,
          null,
          1,
          0,
          null,
          null,
          1,
          15,
          null,
          null,
          1,
          2,
          null,
          null
        ]
      },
      "/mnt/c/rubyapps/senateattendancetracker/app/models/application_record.rb": {
        "lines": [
          null,
          null,
          null,
          1,
          1,
          null
        ]
      },
      "/mnt/c/rubyapps/senateattendancetracker/app/models/role.rb": {
        "lines": [
          null,
          null,
          null,
          1,
          1,
          1,
          null
        ]
      },
      "/mnt/c/rubyapps/senateattendancetracker/app/models/user.rb": {
        "lines": [
          null,
          null,
          null,
          1,
          1,
          1,
          1,
          1,
          1,
          6,
          null,
          null,
          1,
          22,
          null,
          null,
          1,
          1,
          null
        ]
      },
      "/mnt/c/rubyapps/senateattendancetracker/app/models/meeting.rb": {
        "lines": [
          null,
          null,
          null,
          1,
          1,
          1,
          null,
          1,
          6,
          null,
          null,
          1,
          3,
          null,
          null,
          1,
          3,
          null,
          null,
          null,
          1,
          3,
          3,
          3,
          null,
          0,
          null,
          null,
          null,
          1,
          3,
          3,
          3,
          null,
          0,
          null,
          null,
          null,
          1,
          0,
          null,
          null,
          1,
          0,
          null,
          null,
          1,
          0,
          0,
          null,
          null
        ]
      },
      "/mnt/c/rubyapps/senateattendancetracker/app/controllers/committees_controller.rb": {
        "lines": [
          null,
          null,
          1,
          1,
          1,
          null,
          null,
          1,
          1,
          null,
          null
        ]
      },
      "/mnt/c/rubyapps/senateattendancetracker/app/controllers/application_controller.rb": {
        "lines": [
          null,
          null,
          null,
          1,
          1,
          1,
          1,
          1,
          null,
          null,
          null,
          1,
          23,
          null,
          18,
          null,
          null,
          null,
          null,
          1,
          9,
          null,
          null,
          null,
          null,
          1,
          8,
          null,
          null,
          null,
          null,
          1,
          0,
          0,
          0,
          0,
          null,
          null,
          null,
          1,
          null
        ]
      },
      "/mnt/c/rubyapps/senateattendancetracker/app/controllers/meetings_controller.rb": {
        "lines": [
          null,
          null,
          1,
          1,
          1,
          4,
          4,
          3,
          3,
          3,
          3,
          null,
          4,
          null,
          null,
          1,
          2,
          2,
          1,
          1,
          1,
          null,
          2,
          null,
          null,
          1,
          null,
          1,
          3,
          null,
          2,
          null,
          null,
          1,
          4,
          null,
          null,
          1,
          2,
          null,
          null
        ]
      },
      "/mnt/c/rubyapps/senateattendancetracker/app/controllers/sessions_controller.rb": {
        "lines": [
          null,
          null,
          null,
          1,
          1,
          1,
          null,
          1,
          null,
          1,
          6,
          6,
          6,
          6,
          6,
          null,
          6,
          null,
          null,
          1,
          0,
          0,
          null,
          null
        ]
      },
      "/mnt/c/rubyapps/senateattendancetracker/app/models/attendance_record.rb": {
        "lines": [
          null,
          null,
          null,
          1,
          1,
          1,
          1,
          null,
          null,
          null,
          null,
          1,
          0,
          0,
          0,
          0,
          0,
          null,
          0,
          null,
          null,
          null,
          null,
          1,
          0,
          null,
          null,
          0,
          null,
          null,
          null,
          null,
          null,
          1,
          3,
          0,
          null,
          null,
          null,
          null,
          1,
          0,
          null,
          null,
          1,
          0,
          0,
          0,
          null,
          0,
          null,
          null
        ]
      },
      "/mnt/c/rubyapps/senateattendancetracker/app/models/committee_enrollment.rb": {
        "lines": [
          null,
          null,
          null,
          1,
          1,
          1,
          1,
          null
        ]
      },
      "/mnt/c/rubyapps/senateattendancetracker/app/channels/application_cable/channel.rb": {
        "lines": [
          null,
          null,
          0,
          0,
          0,
          0
        ],
        "branches": {
        }
      },
      "/mnt/c/rubyapps/senateattendancetracker/app/channels/application_cable/connection.rb": {
        "lines": [
          null,
          null,
          0,
          0,
          0,
          0
        ],
        "branches": {
        }
      },
      "/mnt/c/rubyapps/senateattendancetracker/app/controllers/attendance_records_controller.rb": {
        "lines": [
          null,
          null,
          null,
          0,
          0,
          null,
          0,
          0,
          0,
          0,
          0,
          null,
          0,
          0,
          null,
          0,
          0,
          null,
          0,
          0,
          0,
          0,
          0,
          null,
          0,
          0,
          0,
          0,
          0,
          0,
          0
        ],
        "branches": {
        }
      },
      "/mnt/c/rubyapps/senateattendancetracker/app/controllers/users_controller.rb": {
        "lines": [
          null,
          null,
          null,
          0,
          0,
          null,
          0,
          0,
          0,
          null,
          0,
          null,
          0,
          0,
          0,
          null,
          0,
          null,
          0,
          0,
          0,
          0,
          0,
          0,
          0,
          0,
          0,
          0,
          0,
          0,
          0,
          0,
          null,
          0,
          0,
          0,
          0,
          0,
          0,
          0,
          0,
          0,
          0,
          0,
          null,
          0,
          0,
          0,
          0,
          0,
          0,
          0,
          null,
          0,
          null,
          0,
          0,
          0,
          null,
          0,
          0,
          0,
          0
        ],
        "branches": {
        }
      },
      "/mnt/c/rubyapps/senateattendancetracker/app/jobs/application_job.rb": {
        "lines": [
          null,
          null,
          0,
          null,
          null,
          null,
          null,
          null,
          0
        ],
        "branches": {
        }
      },
      "/mnt/c/rubyapps/senateattendancetracker/app/mailers/application_mailer.rb": {
        "lines": [
          null,
          null,
          0,
          0,
          0,
          0
        ],
        "branches": {
        }
      },
      "/mnt/c/rubyapps/senateattendancetracker/app/models/excuse.rb": {
        "lines": [
          null,
          null,
          null,
          0,
          0,
          0
        ],
        "branches": {
        }
      }
    },
    "timestamp": 1616186940
  }
}
