{
  "RSpec": {
    "coverage": {
      "/mnt/c/Users/Rhonda Hollier/desktop/SenateAttendanceTracker/app/helpers/application_helper.rb": {
        "lines": [
          null,
          null,
          null,
          1,
          1,
          1,
          null,
          null,
          null,
          null,
          1,
          0,
          null,
          0,
          null,
          null
        ]
      },
      "/mnt/c/Users/Rhonda Hollier/desktop/SenateAttendanceTracker/app/helpers/attendance_records_helper.rb": {
        "lines": [
          null,
          null,
          null,
          1,
          1,
          0,
          null,
          null
        ]
      },
      "/mnt/c/Users/Rhonda Hollier/desktop/SenateAttendanceTracker/app/helpers/committees_helper.rb": {
        "lines": [
          null,
          null,
          1,
          null,
          1,
          5,
          null,
          2,
          null,
          null,
          null,
          1,
          4,
          null,
          2,
          null,
          null,
          1,
          null,
          5,
          null,
          null,
          null,
          null,
          null,
          1,
          1,
          null,
          null,
          1,
          1,
          null,
          null,
          1,
          1,
          null,
          null
        ]
      },
      "/mnt/c/Users/Rhonda Hollier/desktop/SenateAttendanceTracker/app/helpers/meetings_helper.rb": {
        "lines": [
          null,
          null,
          1,
          1,
          5,
          4,
          null,
          null,
          1,
          null,
          null
        ]
      },
      "/mnt/c/Users/Rhonda Hollier/desktop/SenateAttendanceTracker/app/helpers/sessions_helper.rb": {
        "lines": [
          null,
          null,
          null,
          1,
          null
        ]
      },
      "/mnt/c/Users/Rhonda Hollier/desktop/SenateAttendanceTracker/app/models/attendance_record.rb": {
        "lines": [
          null,
          null,
          null,
          1,
          1,
          1,
          1,
          null,
          null,
          null,
          null,
          null,
          1,
          1,
          1,
          1,
          1,
          null,
          0,
          null,
          null,
          null,
          null,
          1,
          7,
          null,
          null,
          7,
          null,
          null,
          null,
          null,
          null,
          1,
          21,
          18,
          null,
          null,
          null,
          null,
          1,
          15,
          null,
          null,
          null,
          1,
          16,
          16,
          2,
          null,
          16,
          null,
          null,
          null,
          1,
          2,
          null,
          null,
          null,
          1,
          3,
          null,
          null
        ]
      },
      "/mnt/c/Users/Rhonda Hollier/desktop/SenateAttendanceTracker/app/models/application_record.rb": {
        "lines": [
          null,
          null,
          null,
          1,
          1,
          null
        ]
      },
      "/mnt/c/Users/Rhonda Hollier/desktop/SenateAttendanceTracker/app/models/excuse.rb": {
        "lines": [
          null,
          null,
          null,
          1,
          1,
          1,
          null
        ]
      },
      "/mnt/c/Users/Rhonda Hollier/desktop/SenateAttendanceTracker/app/models/committee.rb": {
        "lines": [
          null,
          null,
          null,
          1,
          1,
          1,
          1,
          1,
          1,
          null,
          1,
          3,
          null,
          null,
          1,
          18,
          null,
          null,
          1,
          6,
          null,
          null
        ]
      },
      "/mnt/c/Users/Rhonda Hollier/desktop/SenateAttendanceTracker/app/models/role.rb": {
        "lines": [
          null,
          null,
          null,
          1,
          1,
          1,
          null
        ]
      },
      "/mnt/c/Users/Rhonda Hollier/desktop/SenateAttendanceTracker/app/models/user.rb": {
        "lines": [
          null,
          null,
          null,
          1,
          1,
          1,
          1,
          1,
          1,
          132,
          null,
          null,
          1,
          52,
          null,
          null,
          1,
          6,
          null,
          null,
          1,
          2,
          2,
          null,
          null,
          1,
          1,
          null
        ]
      },
      "/mnt/c/Users/Rhonda Hollier/desktop/SenateAttendanceTracker/app/models/committee_enrollment.rb": {
        "lines": [
          null,
          null,
          null,
          1,
          1,
          1,
          1,
          null
        ]
      },
      "/mnt/c/Users/Rhonda Hollier/desktop/SenateAttendanceTracker/app/models/meeting.rb": {
        "lines": [
          null,
          null,
          null,
          1,
          1,
          1,
          null,
          1,
          9,
          null,
          null,
          1,
          8,
          null,
          null,
          1,
          9,
          null,
          null,
          null,
          1,
          0,
          null,
          null,
          1,
          0,
          null,
          null,
          1,
          0,
          0,
          null,
          null
        ]
      },
      "/mnt/c/Users/Rhonda Hollier/desktop/SenateAttendanceTracker/app/controllers/committees_controller.rb": {
        "lines": [
          null,
          null,
          1,
          1,
          1,
          null,
          1,
          0,
          null,
          null,
          1,
          0,
          0,
          0,
          null,
          null,
          1,
          1,
          null,
          null,
          1,
          1,
          null,
          null,
          1,
          2,
          2,
          2,
          null,
          null,
          1,
          0,
          null,
          0,
          null,
          null
        ]
      },
      "/mnt/c/Users/Rhonda Hollier/desktop/SenateAttendanceTracker/app/controllers/application_controller.rb": {
        "lines": [
          null,
          null,
          null,
          1,
          1,
          1,
          1,
          1,
          null,
          null,
          null,
          1,
          237,
          null,
          209,
          null,
          null,
          null,
          null,
          1,
          115,
          null,
          null,
          null,
          null,
          1,
          57,
          null,
          null,
          null,
          null,
          1,
          25,
          11,
          14,
          0,
          null,
          null,
          null,
          1,
          null
        ]
      },
      "/mnt/c/Users/Rhonda Hollier/desktop/SenateAttendanceTracker/app/controllers/sessions_controller.rb": {
        "lines": [
          null,
          null,
          null,
          1,
          1,
          1,
          null,
          1,
          null,
          1,
          61,
          61,
          61,
          61,
          61,
          null,
          61,
          null,
          null,
          1,
          0,
          0,
          null,
          null
        ]
      },
      "/mnt/c/Users/Rhonda Hollier/desktop/SenateAttendanceTracker/app/controllers/excuses_controller.rb": {
        "lines": [
          null,
          null,
          1,
          1,
          1,
          1,
          1,
          1,
          1,
          null,
          1,
          1,
          null,
          null,
          1,
          1,
          null,
          null,
          1,
          1,
          null,
          null,
          1,
          1,
          null,
          null,
          1,
          null,
          1,
          2,
          2,
          2,
          2,
          2,
          null,
          null,
          1,
          1,
          1,
          null,
          null,
          null,
          1,
          1,
          1,
          1,
          1,
          null,
          1,
          null,
          null,
          null,
          1,
          null,
          1,
          4,
          2,
          2,
          1,
          null,
          2,
          null,
          null,
          1,
          12,
          3,
          3,
          null,
          2,
          null,
          9,
          null,
          6,
          null,
          null,
          null,
          1,
          5,
          null,
          null,
          1,
          11,
          null,
          null,
          1,
          2,
          null,
          null,
          1,
          3,
          null,
          null
        ]
      },
      "/mnt/c/Users/Rhonda Hollier/desktop/SenateAttendanceTracker/app/controllers/meetings_controller.rb": {
        "lines": [
          null,
          null,
          1,
          1,
          1,
          null,
          1,
          1,
          null,
          null,
          1,
          7,
          7,
          6,
          null,
          null,
          null,
          null,
          null,
          null,
          null,
          7,
          null,
          null,
          1,
          1,
          null,
          null,
          1,
          3,
          3,
          2,
          null,
          3,
          null,
          null,
          1,
          2,
          null,
          2,
          1,
          1,
          null,
          2,
          null,
          null,
          1,
          null,
          1,
          1,
          null,
          1,
          null,
          null,
          1,
          10,
          null,
          null,
          1,
          6,
          null,
          2,
          null,
          null
        ]
      },
      "/mnt/c/Users/Rhonda Hollier/desktop/SenateAttendanceTracker/app/controllers/users_controller.rb": {
        "lines": [
          null,
          null,
          null,
          1,
          1,
          1,
          1,
          null,
          1,
          4,
          2,
          null,
          2,
          null,
          4,
          null,
          null,
          1,
          4,
          null,
          null,
          1,
          1,
          null,
          null,
          1,
          null,
          1,
          3,
          3,
          3,
          3,
          3,
          2,
          1,
          null,
          4,
          2,
          null,
          null,
          null,
          null,
          1,
          4,
          4,
          6,
          3,
          null,
          2,
          1,
          null,
          null,
          null,
          null,
          1,
          1,
          1,
          2,
          1,
          null,
          null,
          null,
          1,
          null,
          1,
          9,
          null,
          null,
          1,
          7,
          null,
          null
        ]
      },
      "/mnt/c/Users/Rhonda Hollier/desktop/SenateAttendanceTracker/app/channels/application_cable/channel.rb": {
        "lines": [
          null,
          null,
          0,
          0,
          0,
          0
        ],
        "branches": {
        }
      },
      "/mnt/c/Users/Rhonda Hollier/desktop/SenateAttendanceTracker/app/channels/application_cable/connection.rb": {
        "lines": [
          null,
          null,
          0,
          0,
          0,
          0
        ],
        "branches": {
        }
      },
      "/mnt/c/Users/Rhonda Hollier/desktop/SenateAttendanceTracker/app/controllers/attendance_records_controller.rb": {
        "lines": [
          null,
          null,
          null,
          0,
          0,
          null,
          0,
          0,
          0,
          null,
          0,
          0,
          0,
          0,
          0,
          null,
          0,
          0,
          null,
          0,
          0,
          null,
          0,
          0,
          0,
          0,
          0,
          null,
          0,
          0,
          0,
          0,
          0,
          0,
          0
        ],
        "branches": {
        }
      },
      "/mnt/c/Users/Rhonda Hollier/desktop/SenateAttendanceTracker/app/jobs/application_job.rb": {
        "lines": [
          null,
          null,
          0,
          null,
          null,
          null,
          null,
          null,
          0
        ],
        "branches": {
        }
      },
      "/mnt/c/Users/Rhonda Hollier/desktop/SenateAttendanceTracker/app/mailers/application_mailer.rb": {
        "lines": [
          null,
          null,
          0,
          0,
          0,
          0
        ],
        "branches": {
        }
      }
    },
    "timestamp": 1617590053
  }
}
